SonarQube plugins:
  - Python Code Quality and Security 3.4.0.7980 (python)
  - CSS Code Quality and Security 1.4.0.1899 (cssfamily)
  - Go Code Quality and Security 1.8.2.1946 (go)
  - JaCoCo 1.1.0.898 (jacoco)
  - Kotlin Code Quality and Security 1.8.2.1946 (kotlin)
  - JavaScript/TypeScript Code Quality and Security 7.3.0.15071 (javascript)
  - Ruby Code Quality and Security 1.8.2.1946 (ruby)
  - Scala Code Quality and Security 1.8.2.1946 (sonarscala)
  - C# Code Quality and Security 8.19.0.28253 (csharp)
  - Java Code Quality and Security 6.14.0.25463 (java)
  - HTML Code Quality and Security 3.3.0.2534 (web)
  - Flex Code Quality and Security 2.6.0.2294 (flex)
  - XML Code Quality and Security 2.1.0.2861 (xml)
  - PHP Code Quality and Security 3.16.0.7320 (php)
  - VB.NET Code Quality and Security 8.19.0.28253 (vbnet)
Global server settings:
  - sonar.core.id=BF41A1F2-AXkXiULXe5ruWs0RBOK9
  - sonar.core.startTime=2021-04-29T16:33:50+0530
  - sonar.forceAuthentication=true
Project server settings:
Project scanner properties:
  - sonar.exclusions=**/node_modules/**,**/ios/**,**/android/**,**/*.spec.t
  - sonar.host.url=http://localhost:9000
  - sonar.java.binaries=.
  - sonar.login=******
  - sonar.projectBaseDir=/Users/akhilvasudev/Desktop/Projects/ULIP-APP
  - sonar.projectKey=Ulip-App
  - sonar.projectName=”Ulip-App”
  - sonar.scanner.app=ScannerCLI
  - sonar.scanner.appVersion=4.6.0.2311
  - sonar.sourceEncoding=UTF-8
  - sonar.sources=.
  - sonar.verbose=true
  - sonar.working.directory=/Users/akhilvasudev/Desktop/Projects/ULIP-APP/.scannerwork
